Build started 18/1/2017 10:02:07 AM.
     1>Project "D:\School Stuffs\Year 3\Sem 3.2\Game Programming\Projects\gppassignment2\PlanetCollision.vcxproj" on node 2 (Build target(s)).
     1>C:\Program Files (x86)\MSBuild\Microsoft.Cpp\v4.0\V120\Microsoft.CppBuild.targets(381,5): warning MSB8028: The intermediate directory (Debug\) contains files shared from another project (PlanetCollision.vcxproj).  This can lead to incorrect clean and rebuild behavior.
     1>ClCompile:
         C:\Program Files (x86)\Microsoft Visual Studio 12.0\VC\bin\CL.exe /c /I"C:\Program Files (x86)\Microsoft DirectX SDK (June 2010)\\Include" /ZI /nologo /W3 /WX- /Od /Oy- /D _MBCS /Gm /EHsc /RTC1 /MDd /GS /fp:precise /Zc:wchar_t /Zc:forScope /Fo"Debug\\" /Fd"Debug\vc120.pdb" /Gd /TP /analyze- /errorReport:prompt Cheese.cpp Object.cpp Player.cpp Spaceship.cpp ThrowTheCheese.cpp entity.cpp game.cpp gameControl.cpp graphics.cpp image.cpp input.cpp textureManager.cpp winmain.cpp
         winmain.cpp
     1>d:\school stuffs\year 3\sem 3.2\game programming\projects\gppassignment2\throwthecheese.h(21): fatal error C1083: Cannot open include file: 'gameControl.h': No such file or directory
         textureManager.cpp
         input.cpp
         image.cpp
         graphics.cpp
         gameControl.cpp
     1>c1xx : fatal error C1083: Cannot open source file: 'gameControl.cpp': No such file or directory
         game.cpp
         entity.cpp
         ThrowTheCheese.cpp
     1>d:\school stuffs\year 3\sem 3.2\game programming\projects\gppassignment2\throwthecheese.h(21): fatal error C1083: Cannot open include file: 'gameControl.h': No such file or directory
         Spaceship.cpp
         Player.cpp
     1>d:\school stuffs\year 3\sem 3.2\game programming\projects\gppassignment2\player.cpp(32): warning C4244: '=' : conversion from 'const float' to 'int', possible loss of data
         Object.cpp
         Cheese.cpp
         Generating Code...
     1>Done Building Project "D:\School Stuffs\Year 3\Sem 3.2\Game Programming\Projects\gppassignment2\PlanetCollision.vcxproj" (Build target(s)) -- FAILED.

Build FAILED.

Time Elapsed 00:00:09.33
